Dec 30, 2016 11:03:15 PM pkgStock.Utility log
INFO: {
  "stocks": [
    {
      "key": "amazon",
      "sector": "Retail",
      "isActive": true,
      "stockName": "Amazon",
      "stockSymbol": "NASDAQ:AMZN",
      "lowestPurchasePrice": 1000.1,
      "highestPurchasePrice": 3537.74,
      "targetPurchasePrice": 450.0,
      "lastTradedPrice": 749.87,
      "changePercentage": -2.0,
      "change": -15.28
    },
    {
      "key": "microsoft",
      "sector": "Software",
      "isActive": true,
      "stockName": "Microsoft",
      "stockSymbol": "NASDAQ:MSFT",
      "lowestPurchasePrice": 2000.2,
      "highestPurchasePrice": 3537.74,
      "targetPurchasePrice": 50.0,
      "lastTradedPrice": 62.14,
      "changePercentage": -1.21,
      "change": -0.76
    },
    {
      "key": "facebook",
      "sector": "Software",
      "isActive": true,
      "stockName": "Facebook",
      "stockSymbol": "NASDAQ:FB",
      "lowestPurchasePrice": 2100.2,
      "highestPurchasePrice": 3232.74,
      "targetPurchasePrice": 105.0,
      "lastTradedPrice": 115.05,
      "changePercentage": -1.12,
      "change": -1.3
    },
    {
      "key": "chipotle",
      "sector": "Restaurant",
      "isActive": true,
      "stockName": "Chipotle",
      "stockSymbol": "NASDAQ:CMG",
      "lowestPurchasePrice": 2000.2,
      "highestPurchasePrice": 3537.74,
      "targetPurchasePrice": 350.0,
      "lastTradedPrice": 377.32,
      "changePercentage": 0.22,
      "change": 0.81
    },
    {
      "key": "expedia",
      "sector": "Retail",
      "isActive": true,
      "stockName": "Expedia",
      "stockSymbol": "NASDAQ:EXPE",
      "lowestPurchasePrice": 2000.2,
      "highestPurchasePrice": 3537.74,
      "targetPurchasePrice": 120.0,
      "lastTradedPrice": 113.28,
      "changePercentage": -0.61,
      "change": -0.69
    },
    {
      "key": "facebook",
      "sector": "Tech Social",
      "isActive": true,
      "stockName": "Facebook",
      "stockSymbol": "NASDAQ:FB",
      "lowestPurchasePrice": 0.0,
      "highestPurchasePrice": 0.0,
      "targetPurchasePrice": 100.0,
      "lastTradedPrice": 115.05,
      "changePercentage": -1.12,
      "change": -1.3
    },
    {
      "key": "675530",
      "sector": "Tech Consulting",
      "isActive": true,
      "stockName": "Infosys Ltd",
      "stockSymbol": "NSE:INFY",
      "lowestPurchasePrice": 0.0,
      "highestPurchasePrice": 0.0,
      "targetPurchasePrice": 850.0,
      "lastTradedPrice": 1011.0,
      "changePercentage": 1.88,
      "change": 18.65
    },
    {
      "key": "784961",
      "sector": "Consulting",
      "isActive": true,
      "stockName": "Tata Consultancy Services Limited",
      "stockSymbol": "NSE:TCS",
      "lowestPurchasePrice": 0.0,
      "highestPurchasePrice": 0.0,
      "targetPurchasePrice": 1800.0,
      "lastTradedPrice": 2366.55,
      "changePercentage": 0.63,
      "change": 14.85
    },
    {
      "key": "757342559149718",
      "sector": "Industry",
      "isActive": true,
      "stockName": "Sunoco LP",
      "stockSymbol": "NYSE:SUN",
      "lowestPurchasePrice": 0.0,
      "highestPurchasePrice": 0.0,
      "targetPurchasePrice": 20.0,
      "lastTradedPrice": 26.89,
      "changePercentage": 0.71,
      "change": 0.19
    },
    {
      "key": "3853944",
      "sector": "Mining",
      "isActive": true,
      "stockName": "Glencore PLC",
      "stockSymbol": "LON:GLEN",
      "lowestPurchasePrice": 0.0,
      "highestPurchasePrice": 0.0,
      "targetPurchasePrice": 200.0,
      "lastTradedPrice": 277.35,
      "changePercentage": 0.67,
      "change": 1.85
    },
    {
      "key": "829919",
      "sector": "Consumer Goods",
      "isActive": true,
      "stockName": "Dabur India Ltd",
      "stockSymbol": "NSE:DABUR",
      "lowestPurchasePrice": 0.0,
      "highestPurchasePrice": 0.0,
      "targetPurchasePrice": 220.0,
      "lastTradedPrice": 276.25,
      "changePercentage": 0.67,
      "change": 1.85
    },
    {
      "key": "11648758",
      "sector": "Pharma",
      "isActive": true,
      "stockName": "Pfizer Limited",
      "stockSymbol": "NSE:PFIZER",
      "lowestPurchasePrice": 0.0,
      "highestPurchasePrice": 0.0,
      "targetPurchasePrice": 1900.0,
      "lastTradedPrice": 1882.0,
      "changePercentage": 4.65,
      "change": 83.6
    },
    {
      "key": "677258",
      "sector": "Pharma",
      "isActive": true,
      "stockName": "Sun Pharmaceutical Industries Limited",
      "stockSymbol": "NSE:SUNPHARMA",
      "lowestPurchasePrice": 0.0,
      "highestPurchasePrice": 0.0,
      "targetPurchasePrice": 650.0,
      "lastTradedPrice": 628.8,
      "changePercentage": 2.29,
      "change": 14.1
    },
    {
      "key": "3261730",
      "sector": "Banking",
      "isActive": true,
      "stockName": "Axis Bank Ltd",
      "stockSymbol": "NSE:AXISBANK",
      "lowestPurchasePrice": 0.0,
      "highestPurchasePrice": 0.0,
      "targetPurchasePrice": 500.0,
      "lastTradedPrice": 450.3,
      "changePercentage": 1.36,
      "change": 6.05
    }
  ]
}
